
3월 06, 2023 15:25:27.295 NEW SESSION
3월 06, 2023 15:25:27.295 [8492:8008:0306/152527.293:ERROR:cert_verify_proc_builtin.cc(677)] CertVerifyProcBuiltin for fashion.chosun.com failed:
3월 06, 2023 15:25:27.296 ----- Certificate i=0 (emailAddress=domainnames@chosun.com,CN=letter.dizzo.com,OU=ICT,O=The Digital Chosun-Ilbo Company,L=Chung-gu,ST=Seoul,C=KR) -----
3월 06, 2023 15:25:27.296 ERROR: No matching issuer found
3월 06, 2023 15:25:27.296 
3월 06, 2023 15:25:27.297 

3월 06, 2023 20:52:08.790 NEW SESSION
3월 06, 2023 20:52:08.790 [6912:6556:0306/205208.788:ERROR:device_event_log_impl.cc(218)] [20:52:08.789] USB: usb_service_win.cc:104 SetupDiGetDeviceProperty({{A45C254E-DF1C-4EFD-8020-67D146A850E0}, 6}) failed: 요소가 없습니다. (0x490)
3월 06, 2023 20:52:08.801 [6912:6556:0306/205208.800:ERROR:device_event_log_impl.cc(218)] [20:52:08.801] USB: usb_service_win.cc:307 SetupDiEnumDeviceInterfaces: 사용 가능한 데이터가 없습니다. (0x103)

3월 07, 2023 12:17:16.103 NEW SESSION
3월 07, 2023 12:17:16.103 [268:9916:0307/121716.101:ERROR:device_event_log_impl.cc(218)] [12:17:16.101] USB: usb_service_win.cc:104 SetupDiGetDeviceProperty({{A45C254E-DF1C-4EFD-8020-67D146A850E0}, 6}) failed: 요소가 없습니다. (0x490)
3월 07, 2023 14:26:22.699 [10100:7732:0307/142622.699:ERROR:device_event_log_impl.cc(218)] [14:26:22.699] USB: usb_service_win.cc:104 SetupDiGetDeviceProperty({{A45C254E-DF1C-4EFD-8020-67D146A850E0}, 6}) failed: 요소가 없습니다. (0x490)
3월 07, 2023 14:57:14.109 [4308:6192:0307/145714.108:ERROR:device_event_log_impl.cc(218)] [14:57:14.108] USB: usb_service_win.cc:104 SetupDiGetDeviceProperty({{A45C254E-DF1C-4EFD-8020-67D146A850E0}, 6}) failed: 요소가 없습니다. (0x490)

3월 07, 2023 17:12:05.981 NEW SESSION
3월 07, 2023 17:12:05.982 [2468:2880:0307/171205.978:ERROR:device_event_log_impl.cc(218)] [17:12:05.977] USB: usb_service_win.cc:104 SetupDiGetDeviceProperty({{A45C254E-DF1C-4EFD-8020-67D146A850E0}, 6}) failed: 요소가 없습니다. (0x490)
3월 07, 2023 18:54:55.432 [5640:8504:0307/185455.432:ERROR:device_event_log_impl.cc(218)] [18:54:55.431] Bluetooth: bluetooth_adapter_winrt.cc:1073 Getting Default Adapter failed.
3월 07, 2023 19:55:00.461 [5640:9816:0307/195500.461:ERROR:cert_verify_proc_builtin.cc(677)] CertVerifyProcBuiltin for www.hanamtimes.com failed:
3월 07, 2023 19:55:00.463 ----- Certificate i=0 (CN=www.kidokline.com,OU=PositiveSSL,OU=Domain Control Validated) -----
3월 07, 2023 19:55:00.464 ERROR: Time is after notAfter
3월 07, 2023 19:55:00.464 
3월 07, 2023 19:55:00.465 
3월 07, 2023 20:01:17.364 [5640:8504:0307/200117.364:ERROR:device_event_log_impl.cc(218)] [20:01:17.364] Bluetooth: bluetooth_adapter_winrt.cc:1073 Getting Default Adapter failed.

3월 08, 2023 17:00:50.387 NEW SESSION
3월 08, 2023 17:00:50.387 [libprotobuf ERROR ..\..\third_party\protobuf\src\google\protobuf\message_lite.cc:133] Can't parse message of type "safe_browsing.ClientDownloadRequest" because it is missing required fields: (cannot determine missing fields for lite message)
3월 08, 2023 17:01:34.349 [libprotobuf ERROR ..\..\third_party\protobuf\src\google\protobuf\message_lite.cc:133] Can't parse message of type "safe_browsing.ClientDownloadRequest" because it is missing required fields: (cannot determine missing fields for lite message)

3월 10, 2023 11:35:47.584 NEW SESSION
3월 10, 2023 11:35:47.584 [11300:14104:0310/113547.582:ERROR:sharing_service.cc(252)] Device un-registration failed with fatal error
3월 10, 2023 11:36:05.659 [11300:14104:0310/113605.658:ERROR:device_event_log_impl.cc(218)] [11:36:05.658] Bluetooth: bluetooth_adapter_winrt.cc:1073 Getting Default Adapter failed.
